Using pre-set license
Built from '2021.3/staging' branch; Version is '2021.3.7f1 (24e8595d6d43) revision 2418777'; Using compiler version '192829333'; Build Type 'Release'
OS: 'Windows 11  (10.0.22000) 64bit Professional' Language: 'es' Physical Memory: 16333 MB
BatchMode: 1, IsHumanControllingUs: 0, StartBugReporterOnCrash: 0, Is64bit: 1, IsPro: 1

COMMAND LINE ARGUMENTS:
C:\2021.3.7f1\Editor\Unity.exe
-adb2
-batchMode
-noUpm
-name
AssetImportWorker2
-projectPath
C:/Users/luisz/OneDrive/Escritorio/FinalProject/GameProject
-logFile
Logs/AssetImportWorker2.log
-srvPort
52004
Successfully changed project path to: C:/Users/luisz/OneDrive/Escritorio/FinalProject/GameProject
C:/Users/luisz/OneDrive/Escritorio/FinalProject/GameProject
[UnityMemory] Configuration Parameters - Can be set up in boot.config
    "memorysetup-bucket-allocator-granularity=16"
    "memorysetup-bucket-allocator-bucket-count=8"
    "memorysetup-bucket-allocator-block-size=33554432"
    "memorysetup-bucket-allocator-block-count=8"
    "memorysetup-main-allocator-block-size=16777216"
    "memorysetup-thread-allocator-block-size=16777216"
    "memorysetup-gfx-main-allocator-block-size=16777216"
    "memorysetup-gfx-thread-allocator-block-size=16777216"
    "memorysetup-cache-allocator-block-size=4194304"
    "memorysetup-typetree-allocator-block-size=2097152"
    "memorysetup-profiler-bucket-allocator-granularity=16"
    "memorysetup-profiler-bucket-allocator-bucket-count=8"
    "memorysetup-profiler-bucket-allocator-block-size=33554432"
    "memorysetup-profiler-bucket-allocator-block-count=8"
    "memorysetup-profiler-allocator-block-size=16777216"
    "memorysetup-profiler-editor-allocator-block-size=1048576"
    "memorysetup-temp-allocator-size-main=16777216"
    "memorysetup-job-temp-allocator-block-size=2097152"
    "memorysetup-job-temp-allocator-block-size-background=1048576"
    "memorysetup-job-temp-allocator-reduction-small-platforms=262144"
    "memorysetup-temp-allocator-size-background-worker=32768"
    "memorysetup-temp-allocator-size-job-worker=262144"
    "memorysetup-temp-allocator-size-preload-manager=33554432"
    "memorysetup-temp-allocator-size-nav-mesh-worker=65536"
    "memorysetup-temp-allocator-size-audio-worker=65536"
    "memorysetup-temp-allocator-size-cloud-worker=32768"
    "memorysetup-temp-allocator-size-gi-baking-worker=262144"
    "memorysetup-temp-allocator-size-gfx=262144"
Refreshing native plugins compatible for Editor in 96.47 ms, found 3 plugins.
Preloading 0 native plugins for Editor in 0.00 ms.
Initialize engine version: 2021.3.7f1 (24e8595d6d43)
[Subsystems] Discovering subsystems at path C:/2021.3.7f1/Editor/Data/Resources/UnitySubsystems
[Subsystems] Discovering subsystems at path C:/Users/luisz/OneDrive/Escritorio/FinalProject/GameProject/Assets
GfxDevice: creating device client; threaded=0; jobified=0
Direct3D:
    Version:  Direct3D 11.0 [level 11.1]
    Renderer: NVIDIA GeForce GTX 1660 Ti (ID=0x2182)
    Vendor:   NVIDIA
    VRAM:     5991 MB
    Driver:   31.0.15.1659
Initialize mono
Mono path[0] = 'C:/2021.3.7f1/Editor/Data/Managed'
Mono path[1] = 'C:/2021.3.7f1/Editor/Data/MonoBleedingEdge/lib/mono/unityjit-win32'
Mono config path = 'C:/2021.3.7f1/Editor/Data/MonoBleedingEdge/etc'
Using monoOptions --debugger-agent=transport=dt_socket,embedding=1,server=y,suspend=n,address=127.0.0.1:56072
Begin MonoManager ReloadAssembly
Registering precompiled unity dll's ...
Register platform support module: C:/2021.3.7f1/Editor/Data/PlaybackEngines/WindowsStandaloneSupport/UnityEditor.WindowsStandalone.Extensions.dll
Registered in 0.002999 seconds.
Native extension for WindowsStandalone target not found
Refreshing native plugins compatible for Editor in 94.26 ms, found 3 plugins.
Preloading 0 native plugins for Editor in 0.00 ms.
Mono: successfully reloaded assembly
- Completed reload, in  0.673 seconds
Domain Reload Profiling:
	ReloadAssembly (675ms)
		BeginReloadAssembly (76ms)
			ExecutionOrderSort (0ms)
			DisableScriptedObjects (0ms)
			BackupInstance (0ms)
			ReleaseScriptingObjects (0ms)
			CreateAndSetChildDomain (1ms)
		EndReloadAssembly (486ms)
			LoadAssemblies (73ms)
			RebuildTransferFunctionScriptingTraits (0ms)
			SetupTypeCache (108ms)
			ReleaseScriptCaches (0ms)
			RebuildScriptCaches (30ms)
			SetupLoadedEditorAssemblies (295ms)
				LogAssemblyErrors (0ms)
				InitializePlatformSupportModulesInManaged (8ms)
				SetLoadedEditorAssemblies (0ms)
				RefreshPlugins (94ms)
				BeforeProcessingInitializeOnLoad (1ms)
				ProcessInitializeOnLoadAttributes (143ms)
				ProcessInitializeOnLoadMethodAttributes (48ms)
				AfterProcessingInitializeOnLoad (0ms)
				EditorAssembliesLoaded (0ms)
			ExecutionOrderSort2 (0ms)
			AwakeInstancesAfterBackupRestoration (0ms)
Platform modules already initialized, skipping
Registering precompiled user dll's ...
Registered in 0.006271 seconds.
Begin MonoManager ReloadAssembly
Symbol file LoadedFromMemory doesn't match image C:\Users\luisz\OneDrive\Escritorio\FinalProject\GameProject\Library\PackageCache\com.unity.visualscripting@1.7.8\Editor\VisualScripting.Core\Dependencies\YamlDotNet\Unity.VisualScripting.YamlDotNet.dll
Symbol file LoadedFromMemory doesn't match image C:\Users\luisz\OneDrive\Escritorio\FinalProject\GameProject\Library\PackageCache\com.unity.visualscripting@1.7.8\Editor\VisualScripting.Core\Dependencies\DotNetZip\Unity.VisualScripting.IonicZip.dll
Native extension for WindowsStandalone target not found
Refreshing native plugins compatible for Editor in 0.76 ms, found 3 plugins.
Preloading 0 native plugins for Editor in 0.00 ms.
Mono: successfully reloaded assembly
- Completed reload, in  1.220 seconds
Domain Reload Profiling:
	ReloadAssembly (1221ms)
		BeginReloadAssembly (116ms)
			ExecutionOrderSort (0ms)
			DisableScriptedObjects (6ms)
			BackupInstance (0ms)
			ReleaseScriptingObjects (0ms)
			CreateAndSetChildDomain (23ms)
		EndReloadAssembly (944ms)
			LoadAssemblies (114ms)
			RebuildTransferFunctionScriptingTraits (0ms)
			SetupTypeCache (288ms)
			ReleaseScriptCaches (1ms)
			RebuildScriptCaches (55ms)
			SetupLoadedEditorAssemblies (438ms)
				LogAssemblyErrors (0ms)
				InitializePlatformSupportModulesInManaged (5ms)
				SetLoadedEditorAssemblies (1ms)
				RefreshPlugins (1ms)
				BeforeProcessingInitializeOnLoad (105ms)
				ProcessInitializeOnLoadAttributes (283ms)
				ProcessInitializeOnLoadMethodAttributes (36ms)
				AfterProcessingInitializeOnLoad (7ms)
				EditorAssembliesLoaded (0ms)
			ExecutionOrderSort2 (0ms)
			AwakeInstancesAfterBackupRestoration (6ms)
Platform modules already initialized, skipping
========================================================================
Worker process is ready to serve import requests
Launched and connected shader compiler UnityShaderCompiler.exe after 0.05 seconds
Refreshing native plugins compatible for Editor in 1.20 ms, found 3 plugins.
Preloading 0 native plugins for Editor in 0.00 ms.
Unloading 3391 Unused Serialized files (Serialized files now loaded: 0)
Unloading 26 unused Assets / (86.7 KB). Loaded Objects now: 3869.
Memory consumption went from 130.9 MB to 130.8 MB.
Total: 5.534600 ms (FindLiveObjects: 0.715700 ms CreateObjectMapping: 0.155700 ms MarkObjects: 4.417700 ms  DeleteObjects: 0.243600 ms)

AssetImportParameters requested are different than current active one (requested -> active):
  custom:video-decoder-ogg-theora: a1e56fd34408186e4bbccfd4996cb3dc -> 
  custom:container-muxer-webm: aa71ff27fc2769a1b78a27578f13a17b -> 
  custom:container-demuxer-webm: 4f35f7cbe854078d1ac9338744f61a02 -> 
  custom:video-encoder-webm-vp8: eb34c28f22e8b96e1ab97ce403110664 -> 
  custom:audio-encoder-webm-vorbis: bf7c407c2cedff20999df2af8eb42d56 -> 
  custom:framework-win-MediaFoundation: 216162199b28c13a410421893ffa2e32 -> 
  custom:container-demuxer-ogg: 62fdf1f143b41e24485cea50d1cbac27 -> 
  custom:video-decoder-webm-vp8: 9c59270c3fd7afecdb556c50c9e8de78 -> 
  custom:audio-decoder-ogg-vorbis: bf7c407c2cedff20999df2af8eb42d56 -> 
========================================================================
Received Import Request.
  Time since last request: 18128.421934 seconds.
  path: Assets/Prefabs/Prefabs/Fences/3/Fence_2.prefab
  artifactKey: Guid(86c9e2af07b060247add50b61d48f372) Importer(815301076,1909f56bfc062723c751e8b465ee728b)
Start importing Assets/Prefabs/Prefabs/Fences/3/Fence_2.prefab using Guid(86c9e2af07b060247add50b61d48f372) Importer(815301076,1909f56bfc062723c751e8b465ee728b)  -> (artifact id: 'b6a8b2ab8160849ff03929780538a9e5') in 0.133958 seconds 
========================================================================
Received Import Request.
  Time since last request: 0.065741 seconds.
  path: Assets/Prefabs/Prefabs/Fences/1/Fence.prefab
  artifactKey: Guid(15f08be0a2a1d9249a2eaf827e358d3e) Importer(815301076,1909f56bfc062723c751e8b465ee728b)
Start importing Assets/Prefabs/Prefabs/Fences/1/Fence.prefab using Guid(15f08be0a2a1d9249a2eaf827e358d3e) Importer(815301076,1909f56bfc062723c751e8b465ee728b)  -> (artifact id: '73691f8a220e2cb87eac037f8eb52736') in 0.017447 seconds 
========================================================================
Received Import Request.
  Time since last request: 0.001711 seconds.
  path: Assets/Models/Weapons/uziGoldLongSilencer.mtl
  artifactKey: Guid(c064778bf8343a04a818594a7c61ece7) Importer(815301076,1909f56bfc062723c751e8b465ee728b)
Start importing Assets/Models/Weapons/uziGoldLongSilencer.mtl using Guid(c064778bf8343a04a818594a7c61ece7) Importer(815301076,1909f56bfc062723c751e8b465ee728b)  -> (artifact id: '45aee8116dd329b8dc0a3f560b6d9d97') in 0.009420 seconds 
========================================================================
Received Import Request.
  Time since last request: 0.000792 seconds.
  path: Assets/Prefabs/Prefabs/Buildings/Garage
  artifactKey: Guid(57f07f7a68960f846b64f2d084f0e9b9) Importer(815301076,1909f56bfc062723c751e8b465ee728b)
Start importing Assets/Prefabs/Prefabs/Buildings/Garage using Guid(57f07f7a68960f846b64f2d084f0e9b9) Importer(815301076,1909f56bfc062723c751e8b465ee728b)  -> (artifact id: '61ca797ef430d4d3dbb7b9aa42be02d7') in 0.006907 seconds 
========================================================================
Received Import Request.
  Time since last request: 0.077311 seconds.
  path: Assets/Prefabs/Prefabs/Trees/Tree_32.prefab
  artifactKey: Guid(28baadc9ea818dc44bf4d83596a82f5f) Importer(815301076,1909f56bfc062723c751e8b465ee728b)
Start importing Assets/Prefabs/Prefabs/Trees/Tree_32.prefab using Guid(28baadc9ea818dc44bf4d83596a82f5f) Importer(815301076,1909f56bfc062723c751e8b465ee728b)  -> (artifact id: 'a2cfc0a73e5b91fd99180108d3426eec') in 0.017157 seconds 
========================================================================
Received Import Request.
  Time since last request: 0.042075 seconds.
  path: Assets/Models/Weapons/ammo_shotgun.mtl
  artifactKey: Guid(14e03e0c4707e4d42910aa8b0d7a720f) Importer(815301076,1909f56bfc062723c751e8b465ee728b)
Start importing Assets/Models/Weapons/ammo_shotgun.mtl using Guid(14e03e0c4707e4d42910aa8b0d7a720f) Importer(815301076,1909f56bfc062723c751e8b465ee728b)  -> (artifact id: '16a9ba14f273c21b4d93d9fb22348a8d') in 0.006176 seconds 
========================================================================
Received Import Request.
  Time since last request: 0.047661 seconds.
  path: Assets/Models/Weapons/grenade.mtl
  artifactKey: Guid(b639421a776bf594bb1aa0a678d044c2) Importer(815301076,1909f56bfc062723c751e8b465ee728b)
Start importing Assets/Models/Weapons/grenade.mtl using Guid(b639421a776bf594bb1aa0a678d044c2) Importer(815301076,1909f56bfc062723c751e8b465ee728b)  -> (artifact id: 'cd8530e617f5bbf5ab7d81408fbcc104') in 0.007457 seconds 
========================================================================
Received Import Request.
  Time since last request: 0.004179 seconds.
  path: Assets/Prefabs/Prefabs/Stones/Big Stones/Big stone.prefab
  artifactKey: Guid(001f45d171dd9a3489fcc609fbe7856e) Importer(815301076,1909f56bfc062723c751e8b465ee728b)
Start importing Assets/Prefabs/Prefabs/Stones/Big Stones/Big stone.prefab using Guid(001f45d171dd9a3489fcc609fbe7856e) Importer(815301076,1909f56bfc062723c751e8b465ee728b)  -> (artifact id: 'da4c25537ffce30928cb9dcf6203c720') in 0.015226 seconds 
========================================================================
Received Import Request.
  Time since last request: 0.003886 seconds.
  path: Assets/Models/Weapons/uziLongSilencer.mtl
  artifactKey: Guid(7f136439a4321fd4d86e4538ac61a626) Importer(815301076,1909f56bfc062723c751e8b465ee728b)
Start importing Assets/Models/Weapons/uziLongSilencer.mtl using Guid(7f136439a4321fd4d86e4538ac61a626) Importer(815301076,1909f56bfc062723c751e8b465ee728b)  -> (artifact id: 'e78adedb60590c3bdf12d1398d9d2372') in 0.006273 seconds 
========================================================================
Received Import Request.
  Time since last request: 0.003776 seconds.
  path: Assets/Materials/WarmGray8.mat
  artifactKey: Guid(4065b5c48a33f22498535ade4014f3b0) Importer(815301076,1909f56bfc062723c751e8b465ee728b)
Start importing Assets/Materials/WarmGray8.mat using Guid(4065b5c48a33f22498535ade4014f3b0) Importer(815301076,1909f56bfc062723c751e8b465ee728b)  -> (artifact id: 'ea61f3cd2cfbc2c111d7ea90a89ebc77') in 0.043309 seconds 
========================================================================
Received Import Request.
  Time since last request: 0.013088 seconds.
  path: Assets/Prefabs/Prefabs/Stones/Little Stones/Little Stone_11.prefab
  artifactKey: Guid(30c895ebf72f7ff4c9d0595a999ffee8) Importer(815301076,1909f56bfc062723c751e8b465ee728b)
Start importing Assets/Prefabs/Prefabs/Stones/Little Stones/Little Stone_11.prefab using Guid(30c895ebf72f7ff4c9d0595a999ffee8) Importer(815301076,1909f56bfc062723c751e8b465ee728b)  -> (artifact id: '8b6ab88e74bd5c0f20005549257ac02c') in 0.015338 seconds 
========================================================================
Received Import Request.
  Time since last request: 0.057862 seconds.
  path: Assets/Prefabs/Prefabs/Fences/5/Fence.prefab
  artifactKey: Guid(cf765da42a5ee9649b66a9a055efebe6) Importer(815301076,1909f56bfc062723c751e8b465ee728b)
Start importing Assets/Prefabs/Prefabs/Fences/5/Fence.prefab using Guid(cf765da42a5ee9649b66a9a055efebe6) Importer(815301076,1909f56bfc062723c751e8b465ee728b)  -> (artifact id: 'a2e90c3e21ce23c7f7b082e76c6d25c9') in 0.017177 seconds 
========================================================================
Received Import Request.
  Time since last request: 0.011528 seconds.
  path: Assets/Models/Weapons/grenade_vintage.mtl
  artifactKey: Guid(897a8894cfb09c84abec00f44a5ce024) Importer(815301076,1909f56bfc062723c751e8b465ee728b)
Start importing Assets/Models/Weapons/grenade_vintage.mtl using Guid(897a8894cfb09c84abec00f44a5ce024) Importer(815301076,1909f56bfc062723c751e8b465ee728b)  -> (artifact id: '9234fc7f1e4a7ca5e40085209d120f9f') in 0.006265 seconds 
========================================================================
Received Import Request.
  Time since last request: 0.010591 seconds.
  path: Assets/Prefabs/Prefabs/Fences/2/Fence_0.prefab
  artifactKey: Guid(62431fe986de4e8449f11c2b0949812b) Importer(815301076,1909f56bfc062723c751e8b465ee728b)
Start importing Assets/Prefabs/Prefabs/Fences/2/Fence_0.prefab using Guid(62431fe986de4e8449f11c2b0949812b) Importer(815301076,1909f56bfc062723c751e8b465ee728b)  -> (artifact id: 'c5e08450aeaa4b0df47eae939222108d') in 0.015234 seconds 
========================================================================
Received Import Request.
  Time since last request: 0.045311 seconds.
  path: Assets/Models/Weapons/uziLong.mtl
  artifactKey: Guid(db3a4e12d2f28de49ae1547fca7a74c0) Importer(815301076,1909f56bfc062723c751e8b465ee728b)
Start importing Assets/Models/Weapons/uziLong.mtl using Guid(db3a4e12d2f28de49ae1547fca7a74c0) Importer(815301076,1909f56bfc062723c751e8b465ee728b)  -> (artifact id: 'a1526519f011236b81079c8f42831ac7') in 0.006961 seconds 
========================================================================
Received Import Request.
  Time since last request: 0.018034 seconds.
  path: Assets/Prefabs/Prefabs/Fences/6/Fence_1.prefab
  artifactKey: Guid(0b8b5e6cb5750d54fb94a76440aedcc2) Importer(815301076,1909f56bfc062723c751e8b465ee728b)
Start importing Assets/Prefabs/Prefabs/Fences/6/Fence_1.prefab using Guid(0b8b5e6cb5750d54fb94a76440aedcc2) Importer(815301076,1909f56bfc062723c751e8b465ee728b)  -> (artifact id: 'e88844bf0729e616140df5bf9666f914') in 0.015546 seconds 
========================================================================
Received Import Request.
  Time since last request: 0.025705 seconds.
  path: Assets/Models/Weapons/pistol.mtl
  artifactKey: Guid(98289ba703f0a76458d97a9179ed55c9) Importer(815301076,1909f56bfc062723c751e8b465ee728b)
Start importing Assets/Models/Weapons/pistol.mtl using Guid(98289ba703f0a76458d97a9179ed55c9) Importer(815301076,1909f56bfc062723c751e8b465ee728b)  -> (artifact id: 'ba7f05774bcefa827822e235ed507f21') in 0.006514 seconds 
========================================================================
Received Import Request.
  Time since last request: 0.003092 seconds.
  path: Assets/Prefabs/Prefabs/Fences/4/Fence.prefab
  artifactKey: Guid(3183c04cbebbbf541b36b54848aa67b7) Importer(815301076,1909f56bfc062723c751e8b465ee728b)
Start importing Assets/Prefabs/Prefabs/Fences/4/Fence.prefab using Guid(3183c04cbebbbf541b36b54848aa67b7) Importer(815301076,1909f56bfc062723c751e8b465ee728b)  -> (artifact id: 'e18e08b899ebdedc9d93d0a1ce4402f1') in 0.015205 seconds 
========================================================================
Received Import Request.
  Time since last request: 0.046042 seconds.
  path: Assets/Prefabs/Prefabs/Fences/3/Fence_3.prefab
  artifactKey: Guid(a1069bb3bb6fbb24ea6799d8c3893313) Importer(815301076,1909f56bfc062723c751e8b465ee728b)
Start importing Assets/Prefabs/Prefabs/Fences/3/Fence_3.prefab using Guid(a1069bb3bb6fbb24ea6799d8c3893313) Importer(815301076,1909f56bfc062723c751e8b465ee728b)  -> (artifact id: '2e309bc78b073d1197aac681fe042d96') in 0.014018 seconds 
========================================================================
Received Import Request.
  Time since last request: 0.004123 seconds.
  path: Assets/Models/Weapons/grenadeFlash.mtl
  artifactKey: Guid(9fef420af60c8f54cb50ae3966ec4ebb) Importer(815301076,1909f56bfc062723c751e8b465ee728b)
Start importing Assets/Models/Weapons/grenadeFlash.mtl using Guid(9fef420af60c8f54cb50ae3966ec4ebb) Importer(815301076,1909f56bfc062723c751e8b465ee728b)  -> (artifact id: '73f4087dd1a5a332eb24f14d284855d8') in 0.006142 seconds 
========================================================================
Received Import Request.
  Time since last request: 0.022949 seconds.
  path: Assets/Models/Weapons/ammo_pistol.mtl
  artifactKey: Guid(477e9427ed811a442981d3f590f27501) Importer(815301076,1909f56bfc062723c751e8b465ee728b)
Start importing Assets/Models/Weapons/ammo_pistol.mtl using Guid(477e9427ed811a442981d3f590f27501) Importer(815301076,1909f56bfc062723c751e8b465ee728b)  -> (artifact id: '348cda0fd712967fd1b3b90db042f0ec') in 0.003202 seconds 
========================================================================
Received Import Request.
  Time since last request: 0.018821 seconds.
  path: Assets/Prefabs/Prefabs/Fences/1/Fence_2.prefab
  artifactKey: Guid(e9212b736d0ee064680b1e80b0d07ea1) Importer(815301076,1909f56bfc062723c751e8b465ee728b)
Start importing Assets/Prefabs/Prefabs/Fences/1/Fence_2.prefab using Guid(e9212b736d0ee064680b1e80b0d07ea1) Importer(815301076,1909f56bfc062723c751e8b465ee728b)  -> (artifact id: '7ba01d84dc3e0c3a170ff6a112e2f220') in 0.014748 seconds 
========================================================================
Received Import Request.
  Time since last request: 0.004257 seconds.
  path: Assets/Prefabs/Prefabs/Fences/3/Fence_0.prefab
  artifactKey: Guid(8c61b325955b2184cab9daaf8241f7d1) Importer(815301076,1909f56bfc062723c751e8b465ee728b)
Start importing Assets/Prefabs/Prefabs/Fences/3/Fence_0.prefab using Guid(8c61b325955b2184cab9daaf8241f7d1) Importer(815301076,1909f56bfc062723c751e8b465ee728b)  -> (artifact id: 'c2b4ddc47d0871490efcef169d5b1fe4') in 0.017899 seconds 
========================================================================
Received Import Request.
  Time since last request: 0.044170 seconds.
  path: Assets/Models/Weapons/machinegun.mtl
  artifactKey: Guid(05ef7b240ab33624da8e31e3848966e4) Importer(815301076,1909f56bfc062723c751e8b465ee728b)
Start importing Assets/Models/Weapons/machinegun.mtl using Guid(05ef7b240ab33624da8e31e3848966e4) Importer(815301076,1909f56bfc062723c751e8b465ee728b)  -> (artifact id: '19c9ecc65367c587dccc9bc125d6fc4f') in 0.006141 seconds 
========================================================================
Received Import Request.
  Time since last request: 0.028244 seconds.
  path: Assets/Prefabs/Prefabs/Trees/Tree_36.prefab
  artifactKey: Guid(f8db5d927ce7e6a489506c6760bc4b7b) Importer(815301076,1909f56bfc062723c751e8b465ee728b)
Start importing Assets/Prefabs/Prefabs/Trees/Tree_36.prefab using Guid(f8db5d927ce7e6a489506c6760bc4b7b) Importer(815301076,1909f56bfc062723c751e8b465ee728b)  -> (artifact id: '26e5bc0e27d4dd0e0a3a28fe6b37621b') in 0.014244 seconds 
========================================================================
Received Import Request.
  Time since last request: 0.071851 seconds.
  path: Assets/Prefabs/Prefabs/Stones/Big Stones
  artifactKey: Guid(347250091176d094d84ee46ecd92c296) Importer(815301076,1909f56bfc062723c751e8b465ee728b)
Start importing Assets/Prefabs/Prefabs/Stones/Big Stones using Guid(347250091176d094d84ee46ecd92c296) Importer(815301076,1909f56bfc062723c751e8b465ee728b)  -> (artifact id: '33f0bf43811b1ad615bcc97e92b2c807') in 0.007279 seconds 
========================================================================
Received Import Request.
  Time since last request: 0.033175 seconds.
  path: Assets/Prefabs/Prefabs/Stones/Big Stones/Big stone_0.prefab
  artifactKey: Guid(9ba39673b4ed1ab45b49a16faf85bc9b) Importer(815301076,1909f56bfc062723c751e8b465ee728b)
Start importing Assets/Prefabs/Prefabs/Stones/Big Stones/Big stone_0.prefab using Guid(9ba39673b4ed1ab45b49a16faf85bc9b) Importer(815301076,1909f56bfc062723c751e8b465ee728b)  -> (artifact id: '7fee8de92879c0ff05fe301acf2b22f3') in 0.015966 seconds 
========================================================================
Received Import Request.
  Time since last request: 0.022454 seconds.
  path: Assets/Models/Weapons/ammo_machinegunLauncher.mtl
  artifactKey: Guid(4b02a293ffef11141a9af1d0f0d84668) Importer(815301076,1909f56bfc062723c751e8b465ee728b)
Start importing Assets/Models/Weapons/ammo_machinegunLauncher.mtl using Guid(4b02a293ffef11141a9af1d0f0d84668) Importer(815301076,1909f56bfc062723c751e8b465ee728b)  -> (artifact id: '3b0ac6890b3f57e1e6dcf4c1dadef2de') in 0.005819 seconds 
========================================================================
Received Import Request.
  Time since last request: 0.012613 seconds.
  path: Assets/Models/Weapons/shotgunShort.mtl
  artifactKey: Guid(936f1cd4d02e12e4584f46fb1d706928) Importer(815301076,1909f56bfc062723c751e8b465ee728b)
Start importing Assets/Models/Weapons/shotgunShort.mtl using Guid(936f1cd4d02e12e4584f46fb1d706928) Importer(815301076,1909f56bfc062723c751e8b465ee728b)  -> (artifact id: 'cb4b7abfcc974bdd94acd43fd19130d8') in 0.008536 seconds 
========================================================================
Received Import Request.
  Time since last request: 0.012465 seconds.
  path: Assets/Prefabs/Prefabs/Trees
  artifactKey: Guid(beb40c47d4d473e478a5e1b6448491ba) Importer(815301076,1909f56bfc062723c751e8b465ee728b)
Start importing Assets/Prefabs/Prefabs/Trees using Guid(beb40c47d4d473e478a5e1b6448491ba) Importer(815301076,1909f56bfc062723c751e8b465ee728b)  -> (artifact id: '3edd037594c5456bbeb53976090cf6ff') in 0.005553 seconds 
========================================================================
Received Import Request.
  Time since last request: 0.019770 seconds.
  path: Assets/Models/Weapons/uziGoldSilencer.mtl
  artifactKey: Guid(761a791eedb559b4abb674e78054ac15) Importer(815301076,1909f56bfc062723c751e8b465ee728b)
Start importing Assets/Models/Weapons/uziGoldSilencer.mtl using Guid(761a791eedb559b4abb674e78054ac15) Importer(815301076,1909f56bfc062723c751e8b465ee728b)  -> (artifact id: 'cf82afa2b841b941fb19a210ef1b7b0f') in 0.005988 seconds 
========================================================================
Received Import Request.
  Time since last request: 0.074162 seconds.
  path: Assets/Prefabs/Prefabs/Fences/1/Fence_1.prefab
  artifactKey: Guid(153da262b996bc44d905053f101d44f2) Importer(815301076,1909f56bfc062723c751e8b465ee728b)
Start importing Assets/Prefabs/Prefabs/Fences/1/Fence_1.prefab using Guid(153da262b996bc44d905053f101d44f2) Importer(815301076,1909f56bfc062723c751e8b465ee728b)  -> (artifact id: '6db359acbd07dc00c1e6e828d10c8810') in 0.014006 seconds 
========================================================================
Received Import Request.
  Time since last request: 0.041343 seconds.
  path: Assets/Prefabs/Prefabs/Stones/Little Stones/Little Stone_9.prefab
  artifactKey: Guid(464ff2c97a29e994c953609adf26d460) Importer(815301076,1909f56bfc062723c751e8b465ee728b)
Start importing Assets/Prefabs/Prefabs/Stones/Little Stones/Little Stone_9.prefab using Guid(464ff2c97a29e994c953609adf26d460) Importer(815301076,1909f56bfc062723c751e8b465ee728b)  -> (artifact id: 'a0e5132385ca910ff729c05cba0b8680') in 0.015319 seconds 
========================================================================
Received Import Request.
  Time since last request: 0.075945 seconds.
  path: Assets/Prefabs/Prefabs/Fences/5/Fence_0.prefab
  artifactKey: Guid(1b51bacae718606488065ea5aec144ec) Importer(815301076,1909f56bfc062723c751e8b465ee728b)
Start importing Assets/Prefabs/Prefabs/Fences/5/Fence_0.prefab using Guid(1b51bacae718606488065ea5aec144ec) Importer(815301076,1909f56bfc062723c751e8b465ee728b)  -> (artifact id: '54179ca5838524a6958b48ac34aa7036') in 0.016086 seconds 
========================================================================
Received Import Request.
  Time since last request: 0.045954 seconds.
  path: Assets/Script/Player/PlayerCollision.cs
  artifactKey: Guid(530d3a76146eeeb4fb77647b3dad5e02) Importer(815301076,1909f56bfc062723c751e8b465ee728b)
Start importing Assets/Script/Player/PlayerCollision.cs using Guid(530d3a76146eeeb4fb77647b3dad5e02) Importer(815301076,1909f56bfc062723c751e8b465ee728b)  -> (artifact id: 'ea5aa231d00b8e2303f319fc326ac1a5') in 0.009915 seconds 
========================================================================
Received Import Request.
  Time since last request: 0.169384 seconds.
  path: Assets/Prefabs/Prefabs/Fences/2/Fence.prefab
  artifactKey: Guid(17f622dcda5a9394dbc83f3bb64651de) Importer(815301076,1909f56bfc062723c751e8b465ee728b)
Start importing Assets/Prefabs/Prefabs/Fences/2/Fence.prefab using Guid(17f622dcda5a9394dbc83f3bb64651de) Importer(815301076,1909f56bfc062723c751e8b465ee728b)  -> (artifact id: '8357202ce48c614bcff173b7851f81dc') in 0.016352 seconds 
========================================================================
Received Import Request.
  Time since last request: 0.039402 seconds.
  path: Assets/Prefabs/Prefabs/Stones/Big Stones/Big stone_3.prefab
  artifactKey: Guid(754cf91f22b8fd14495f7dd8ce051aae) Importer(815301076,1909f56bfc062723c751e8b465ee728b)
Start importing Assets/Prefabs/Prefabs/Stones/Big Stones/Big stone_3.prefab using Guid(754cf91f22b8fd14495f7dd8ce051aae) Importer(815301076,1909f56bfc062723c751e8b465ee728b)  -> (artifact id: '2f2e78ad8a0653705b4228e3576c791a') in 0.016005 seconds 
========================================================================
Received Import Request.
  Time since last request: 0.004944 seconds.
  path: Assets/Models/Weapons/ammo_machinegun.mtl
  artifactKey: Guid(9b3c050b9cc151f4db97a763b0186054) Importer(815301076,1909f56bfc062723c751e8b465ee728b)
Start importing Assets/Models/Weapons/ammo_machinegun.mtl using Guid(9b3c050b9cc151f4db97a763b0186054) Importer(815301076,1909f56bfc062723c751e8b465ee728b)  -> (artifact id: '2b3e4eb6d6433af5bce3a85c594b01e0') in 0.007206 seconds 
========================================================================
Received Import Request.
  Time since last request: 0.108443 seconds.
  path: Assets/Models/Weapons/shotgun.mtl
  artifactKey: Guid(103927391bb72444bbc399799a2c05e7) Importer(815301076,1909f56bfc062723c751e8b465ee728b)
Start importing Assets/Models/Weapons/shotgun.mtl using Guid(103927391bb72444bbc399799a2c05e7) Importer(815301076,1909f56bfc062723c751e8b465ee728b)  -> (artifact id: '516684800b23f1188625074d45c073b5') in 0.006810 seconds 
========================================================================
Received Import Request.
  Time since last request: 0.017687 seconds.
  path: Assets/Prefabs/Prefabs/Buildings/Shop
  artifactKey: Guid(c3959b806da6dff408143b1f61219354) Importer(815301076,1909f56bfc062723c751e8b465ee728b)
Start importing Assets/Prefabs/Prefabs/Buildings/Shop using Guid(c3959b806da6dff408143b1f61219354) Importer(815301076,1909f56bfc062723c751e8b465ee728b)  -> (artifact id: '3bba8a309bcef7000e1198a154d968e1') in 0.006098 seconds 
========================================================================
Received Import Request.
  Time since last request: 0.072008 seconds.
  path: Assets/Prefabs/Prefabs/Trees/Tree_27.prefab
  artifactKey: Guid(54f02fb8d2ae6594aa1211478bf71052) Importer(815301076,1909f56bfc062723c751e8b465ee728b)
Start importing Assets/Prefabs/Prefabs/Trees/Tree_27.prefab using Guid(54f02fb8d2ae6594aa1211478bf71052) Importer(815301076,1909f56bfc062723c751e8b465ee728b)  -> (artifact id: 'a7105451247585fbb80a3471bf180f56') in 0.045567 seconds 
========================================================================
Received Import Request.
  Time since last request: 0.044337 seconds.
  path: Assets/Prefabs/Prefabs/Stones/Little Stones/Little Stone_4.prefab
  artifactKey: Guid(aa075fb6fa08ec943a041798e793583c) Importer(815301076,1909f56bfc062723c751e8b465ee728b)
Start importing Assets/Prefabs/Prefabs/Stones/Little Stones/Little Stone_4.prefab using Guid(aa075fb6fa08ec943a041798e793583c) Importer(815301076,1909f56bfc062723c751e8b465ee728b)  -> (artifact id: 'd097f2f98cf16f0c76d3090f5263d861') in 0.024578 seconds 
========================================================================
Received Import Request.
  Time since last request: 0.005222 seconds.
  path: Assets/Prefabs/Prefabs/Fences/6/Fence_2.prefab
  artifactKey: Guid(d5b4fc1171a59594792771a5bdbe43ae) Importer(815301076,1909f56bfc062723c751e8b465ee728b)
Start importing Assets/Prefabs/Prefabs/Fences/6/Fence_2.prefab using Guid(d5b4fc1171a59594792771a5bdbe43ae) Importer(815301076,1909f56bfc062723c751e8b465ee728b)  -> (artifact id: 'a5d26dc2d54f56fbc7840663a3c12a48') in 0.017166 seconds 
========================================================================
Received Import Request.
  Time since last request: 0.049303 seconds.
  path: Assets/Prefabs/Prefabs/Stones/Little Stones
  artifactKey: Guid(bea8aa75aa366134cbfd57ec7eaf6f8d) Importer(815301076,1909f56bfc062723c751e8b465ee728b)
Start importing Assets/Prefabs/Prefabs/Stones/Little Stones using Guid(bea8aa75aa366134cbfd57ec7eaf6f8d) Importer(815301076,1909f56bfc062723c751e8b465ee728b)  -> (artifact id: '40598be6ab2ed0192a8341e802f9e5f4') in 0.008346 seconds 
========================================================================
Received Import Request.
  Time since last request: 0.005299 seconds.
  path: Assets/Prefabs/Prefabs/Trees/Tree_33.prefab
  artifactKey: Guid(55e2779e6396fa24289e5aaef0069acb) Importer(815301076,1909f56bfc062723c751e8b465ee728b)
Start importing Assets/Prefabs/Prefabs/Trees/Tree_33.prefab using Guid(55e2779e6396fa24289e5aaef0069acb) Importer(815301076,1909f56bfc062723c751e8b465ee728b)  -> (artifact id: 'dfcbf8262b099fb79728566e2d8a834d') in 0.020624 seconds 
========================================================================
Received Import Request.
  Time since last request: 0.003271 seconds.
  path: Assets/Models/Weapons/uziGoldLong.mtl
  artifactKey: Guid(6e0d5f44932933f4fb82db36804dc766) Importer(815301076,1909f56bfc062723c751e8b465ee728b)
Start importing Assets/Models/Weapons/uziGoldLong.mtl using Guid(6e0d5f44932933f4fb82db36804dc766) Importer(815301076,1909f56bfc062723c751e8b465ee728b)  -> (artifact id: 'd9d22a06ce07f6c31535994fb6ff167f') in 0.009966 seconds 
========================================================================
Received Import Request.
  Time since last request: 0.016556 seconds.
  path: Assets/Script/Manager/CameraManager.cs
  artifactKey: Guid(0400d62bdfdaf054da104891d4a5c6c4) Importer(815301076,1909f56bfc062723c751e8b465ee728b)
Start importing Assets/Script/Manager/CameraManager.cs using Guid(0400d62bdfdaf054da104891d4a5c6c4) Importer(815301076,1909f56bfc062723c751e8b465ee728b)  -> (artifact id: '3fcf867a1b3d07b20d6d270b04ad957f') in 0.010991 seconds 
========================================================================
Received Import Request.
  Time since last request: 0.093267 seconds.
  path: Assets/Models/Weapons/sniper.mtl
  artifactKey: Guid(7612a33007f6c034ab24893b87c05909) Importer(815301076,1909f56bfc062723c751e8b465ee728b)
Start importing Assets/Models/Weapons/sniper.mtl using Guid(7612a33007f6c034ab24893b87c05909) Importer(815301076,1909f56bfc062723c751e8b465ee728b)  -> (artifact id: 'f1f9ae56cec27fc8e388cb2db6728d25') in 0.012724 seconds 
========================================================================
Received Import Request.
  Time since last request: 0.101997 seconds.
  path: Assets/Models/Weapons/ammo_sniper.mtl
  artifactKey: Guid(8cc8e2dab6852d340828d88bb625df94) Importer(815301076,1909f56bfc062723c751e8b465ee728b)
Start importing Assets/Models/Weapons/ammo_sniper.mtl using Guid(8cc8e2dab6852d340828d88bb625df94) Importer(815301076,1909f56bfc062723c751e8b465ee728b)  -> (artifact id: 'bf4b43f6be40e4ec00fa43024c8f1183') in 0.008865 seconds 
========================================================================
Received Import Request.
  Time since last request: 0.003836 seconds.
  path: Assets/Prefabs/Prefabs/Stones/Little Stones/Little Stone_2.prefab
  artifactKey: Guid(62c408e5e0c457c40a67970ef12af9d7) Importer(815301076,1909f56bfc062723c751e8b465ee728b)
Start importing Assets/Prefabs/Prefabs/Stones/Little Stones/Little Stone_2.prefab using Guid(62c408e5e0c457c40a67970ef12af9d7) Importer(815301076,1909f56bfc062723c751e8b465ee728b)  -> (artifact id: '87268139afdaf4db9617b377b08e250a') in 0.018294 seconds 
========================================================================
Received Import Request.
  Time since last request: 0.028463 seconds.
  path: Assets/Models/Weapons/rocketlauncher.mtl
  artifactKey: Guid(893d43bfa5b1d084d901b20ab807a80a) Importer(815301076,1909f56bfc062723c751e8b465ee728b)
Start importing Assets/Models/Weapons/rocketlauncher.mtl using Guid(893d43bfa5b1d084d901b20ab807a80a) Importer(815301076,1909f56bfc062723c751e8b465ee728b)  -> (artifact id: 'ec8f9b9f84af551743ca17693209f876') in 0.012626 seconds 
========================================================================
Received Import Request.
  Time since last request: 0.015655 seconds.
  path: Assets/Scenes/SampleScene.unity
  artifactKey: Guid(9fc0d4010bbf28b4594072e72b8655ab) Importer(815301076,1909f56bfc062723c751e8b465ee728b)
Start importing Assets/Scenes/SampleScene.unity using Guid(9fc0d4010bbf28b4594072e72b8655ab) Importer(815301076,1909f56bfc062723c751e8b465ee728b)  -> (artifact id: 'e53fd6a2a54eec65b308f24f19122d31') in 0.008038 seconds 
========================================================================
Received Import Request.
  Time since last request: 0.003604 seconds.
  path: Assets/Prefabs/Prefabs/Trees/Tree_37.prefab
  artifactKey: Guid(3412a07407075b246a14e3fe1ac3a50d) Importer(815301076,1909f56bfc062723c751e8b465ee728b)
Start importing Assets/Prefabs/Prefabs/Trees/Tree_37.prefab using Guid(3412a07407075b246a14e3fe1ac3a50d) Importer(815301076,1909f56bfc062723c751e8b465ee728b)  -> (artifact id: '8f1ce98b278a527e36138c4a8e60f8b1') in 0.018107 seconds 
========================================================================
Received Import Request.
  Time since last request: 0.005365 seconds.
  path: Assets/Prefabs/Prefabs/Fences/2
  artifactKey: Guid(bb95963637f4efa4e8d552996bc96727) Importer(815301076,1909f56bfc062723c751e8b465ee728b)
Start importing Assets/Prefabs/Prefabs/Fences/2 using Guid(bb95963637f4efa4e8d552996bc96727) Importer(815301076,1909f56bfc062723c751e8b465ee728b)  -> (artifact id: '883167ff56dd4fe17b6a6c174e2d846d') in 0.006722 seconds 
========================================================================
Received Import Request.
  Time since last request: 0.029566 seconds.
  path: Assets/Prefabs/Prefabs/Stones/Little Stones/Little Stone_3.prefab
  artifactKey: Guid(97c7ef7ead6228b48aa04ea61808e57b) Importer(815301076,1909f56bfc062723c751e8b465ee728b)
Start importing Assets/Prefabs/Prefabs/Stones/Little Stones/Little Stone_3.prefab using Guid(97c7ef7ead6228b48aa04ea61808e57b) Importer(815301076,1909f56bfc062723c751e8b465ee728b)  -> (artifact id: 'f215808f03dd66a0cf4fa0964b02864e') in 0.019065 seconds 
========================================================================
Received Import Request.
  Time since last request: 0.015371 seconds.
  path: Assets/Prefabs/Prefabs/Stones/Little Stones/Little Stone_7.prefab
  artifactKey: Guid(c3da3921aab4dd94994d4f59b79a6cb7) Importer(815301076,1909f56bfc062723c751e8b465ee728b)
Start importing Assets/Prefabs/Prefabs/Stones/Little Stones/Little Stone_7.prefab using Guid(c3da3921aab4dd94994d4f59b79a6cb7) Importer(815301076,1909f56bfc062723c751e8b465ee728b)  -> (artifact id: '9169334978deb23ee9f459fce8b43fd5') in 0.018724 seconds 
========================================================================
Received Import Request.
  Time since last request: 0.001337 seconds.
  path: Assets/Prefabs/Prefabs/Trees/Tree_28.prefab
  artifactKey: Guid(24b54966bec7c1f46a1848e874497621) Importer(815301076,1909f56bfc062723c751e8b465ee728b)
Start importing Assets/Prefabs/Prefabs/Trees/Tree_28.prefab using Guid(24b54966bec7c1f46a1848e874497621) Importer(815301076,1909f56bfc062723c751e8b465ee728b)  -> (artifact id: '9269d8ff6827ea30dfae70512ae773d7') in 0.020796 seconds 
========================================================================
Received Import Request.
  Time since last request: 0.015786 seconds.
  path: Assets/Prefabs/Prefabs/Buildings/Sheds
  artifactKey: Guid(a0af52cf28869664f8ce1f7c80486d1c) Importer(815301076,1909f56bfc062723c751e8b465ee728b)
Start importing Assets/Prefabs/Prefabs/Buildings/Sheds using Guid(a0af52cf28869664f8ce1f7c80486d1c) Importer(815301076,1909f56bfc062723c751e8b465ee728b)  -> (artifact id: '4108016fae9e4e9c31858fd869ecd5fa') in 0.009196 seconds 
========================================================================
Received Import Request.
  Time since last request: 0.129283 seconds.
  path: Assets/Prefabs/Prefabs/Buildings/Little angar
  artifactKey: Guid(ba9197dc0bec715429656e6971c2c40d) Importer(815301076,1909f56bfc062723c751e8b465ee728b)
Start importing Assets/Prefabs/Prefabs/Buildings/Little angar using Guid(ba9197dc0bec715429656e6971c2c40d) Importer(815301076,1909f56bfc062723c751e8b465ee728b)  -> (artifact id: 'b53bfab7d804874622c0e8149264e03e') in 0.012459 seconds 
========================================================================
Received Import Request.
  Time since last request: 0.118651 seconds.
  path: Assets/Models/Weapons/shotgun.obj
  artifactKey: Guid(25ef084687daa014b8538f35cf0d5aa6) Importer(815301076,1909f56bfc062723c751e8b465ee728b)
Start importing Assets/Models/Weapons/shotgun.obj using Guid(25ef084687daa014b8538f35cf0d5aa6) Importer(815301076,1909f56bfc062723c751e8b465ee728b)  -> (artifact id: '101dd6c4818ef617e55572733612aab9') in 0.094553 seconds 
========================================================================
Received Import Request.
  Time since last request: 0.144380 seconds.
  path: Assets/Models/Weapons/uzi.mtl
  artifactKey: Guid(4b89b60e098265849865d77a4f3452c2) Importer(815301076,1909f56bfc062723c751e8b465ee728b)
Start importing Assets/Models/Weapons/uzi.mtl using Guid(4b89b60e098265849865d77a4f3452c2) Importer(815301076,1909f56bfc062723c751e8b465ee728b)  -> (artifact id: 'f4481a5ecaabe9b238c6ce40904d43d2') in 0.006576 seconds 
========================================================================
Received Import Request.
  Time since last request: 0.031143 seconds.
  path: Assets/Prefabs/Prefabs/Fences/6/Fence.prefab
  artifactKey: Guid(668e384c1edabbb43bf5851ac7e2aca4) Importer(815301076,1909f56bfc062723c751e8b465ee728b)
Start importing Assets/Prefabs/Prefabs/Fences/6/Fence.prefab using Guid(668e384c1edabbb43bf5851ac7e2aca4) Importer(815301076,1909f56bfc062723c751e8b465ee728b)  -> (artifact id: '6787854799512434eb6549f40355e4a7') in 0.013022 seconds 
========================================================================
Received Import Request.
  Time since last request: 0.005138 seconds.
  path: Assets/Prefabs/Prefabs/Trees/Tree_29.prefab
  artifactKey: Guid(0b3ba913a71cfba43abcae30095e3cf7) Importer(815301076,1909f56bfc062723c751e8b465ee728b)
Start importing Assets/Prefabs/Prefabs/Trees/Tree_29.prefab using Guid(0b3ba913a71cfba43abcae30095e3cf7) Importer(815301076,1909f56bfc062723c751e8b465ee728b)  -> (artifact id: '0ab3fd19fba6558bffd3f85ad3cff56b') in 0.016411 seconds 
========================================================================
Received Import Request.
  Time since last request: 0.157435 seconds.
  path: Assets/Models/Weapons/flamethrower.mtl
  artifactKey: Guid(c61c608d172aff1429b8ad90438ba66c) Importer(815301076,1909f56bfc062723c751e8b465ee728b)
Start importing Assets/Models/Weapons/flamethrower.mtl using Guid(c61c608d172aff1429b8ad90438ba66c) Importer(815301076,1909f56bfc062723c751e8b465ee728b)  -> (artifact id: '548909fb89b4b0aeb6a7ee346bce37f0') in 0.006403 seconds 
========================================================================
Received Import Request.
  Time since last request: 0.004687 seconds.
  path: Assets/Materials/Materials/Double Sided Standard Diffuse Bump.shader
  artifactKey: Guid(17f2f62d8808f924b8841c6613757ead) Importer(815301076,1909f56bfc062723c751e8b465ee728b)
Start importing Assets/Materials/Materials/Double Sided Standard Diffuse Bump.shader using Guid(17f2f62d8808f924b8841c6613757ead) Importer(815301076,1909f56bfc062723c751e8b465ee728b)  -> (artifact id: '7b36ded773a8d1519c0f3af6d24946dd') in 0.007254 seconds 
========================================================================
Received Import Request.
  Time since last request: 0.026028 seconds.
  path: Assets/Prefabs/Prefabs/Stones/Little Stones/Little Stone_6.prefab
  artifactKey: Guid(60b52e7ce30261149bd54f899ae72260) Importer(815301076,1909f56bfc062723c751e8b465ee728b)
Start importing Assets/Prefabs/Prefabs/Stones/Little Stones/Little Stone_6.prefab using Guid(60b52e7ce30261149bd54f899ae72260) Importer(815301076,1909f56bfc062723c751e8b465ee728b)  -> (artifact id: '54dda306db3615bd9c603645806916c8') in 0.014954 seconds 
========================================================================
Received Import Request.
  Time since last request: 0.003623 seconds.
  path: Assets/Prefabs/Prefabs/Trees/Tree_35.prefab
  artifactKey: Guid(7e975e51b19bd0e4aba434b404243d30) Importer(815301076,1909f56bfc062723c751e8b465ee728b)
Start importing Assets/Prefabs/Prefabs/Trees/Tree_35.prefab using Guid(7e975e51b19bd0e4aba434b404243d30) Importer(815301076,1909f56bfc062723c751e8b465ee728b)  -> (artifact id: '5220d1f19f7c7ce78059e700ef02374a') in 0.012588 seconds 
========================================================================
Received Import Request.
  Time since last request: 0.010440 seconds.
  path: Assets/Prefabs/Prefabs/Stones/Little Stones/Little Stone_10.prefab
  artifactKey: Guid(86bb4051606871c428f5c653933a922b) Importer(815301076,1909f56bfc062723c751e8b465ee728b)
Start importing Assets/Prefabs/Prefabs/Stones/Little Stones/Little Stone_10.prefab using Guid(86bb4051606871c428f5c653933a922b) Importer(815301076,1909f56bfc062723c751e8b465ee728b)  -> (artifact id: '3d7dba12c5ccf5eafd3bbdf09c7477d5') in 0.014808 seconds 
========================================================================
Received Import Request.
  Time since last request: 0.019191 seconds.
  path: Assets/Prefabs/Prefabs/Fences/1/Fence_0.prefab
  artifactKey: Guid(1c5264038b8ac774b99da4131883b27d) Importer(815301076,1909f56bfc062723c751e8b465ee728b)
Start importing Assets/Prefabs/Prefabs/Fences/1/Fence_0.prefab using Guid(1c5264038b8ac774b99da4131883b27d) Importer(815301076,1909f56bfc062723c751e8b465ee728b)  -> (artifact id: '5456a65e5ecf8e42425ad1d1e23c4f02') in 0.014056 seconds 
========================================================================
Received Import Request.
  Time since last request: 0.013093 seconds.
  path: Assets/Prefabs/Prefabs/Trees/Tree_30.prefab
  artifactKey: Guid(a3267b0d765bf3140b609489bfb08e89) Importer(815301076,1909f56bfc062723c751e8b465ee728b)
Start importing Assets/Prefabs/Prefabs/Trees/Tree_30.prefab using Guid(a3267b0d765bf3140b609489bfb08e89) Importer(815301076,1909f56bfc062723c751e8b465ee728b)  -> (artifact id: 'c1af4420b11682835ddd87d1db18e993') in 0.014696 seconds 
========================================================================
Received Import Request.
  Time since last request: 0.004131 seconds.
  path: Assets/Prefabs/Prefabs/Stones/Big Stones/Big stone_2.prefab
  artifactKey: Guid(df7a67d7c28de8847be08621839e032c) Importer(815301076,1909f56bfc062723c751e8b465ee728b)
Start importing Assets/Prefabs/Prefabs/Stones/Big Stones/Big stone_2.prefab using Guid(df7a67d7c28de8847be08621839e032c) Importer(815301076,1909f56bfc062723c751e8b465ee728b)  -> (artifact id: 'f43599ecb3057e490f3ec46a17cdf004') in 0.013286 seconds 
========================================================================
Received Import Request.
  Time since last request: 0.040080 seconds.
  path: Assets/Prefabs/Prefabs/Stones/Little Stones/Little Stone_5.prefab
  artifactKey: Guid(a255add9260ac074a8d3988a3a856d3e) Importer(815301076,1909f56bfc062723c751e8b465ee728b)
Start importing Assets/Prefabs/Prefabs/Stones/Little Stones/Little Stone_5.prefab using Guid(a255add9260ac074a8d3988a3a856d3e) Importer(815301076,1909f56bfc062723c751e8b465ee728b)  -> (artifact id: 'a31ab68a33f4cc2f81bb71f3e029e612') in 0.013836 seconds 
========================================================================
Received Import Request.
  Time since last request: 0.024715 seconds.
  path: Assets/Prefabs/Prefabs/Grass
  artifactKey: Guid(3661dadaac685a84792f12c4d7f2dc96) Importer(815301076,1909f56bfc062723c751e8b465ee728b)
Start importing Assets/Prefabs/Prefabs/Grass using Guid(3661dadaac685a84792f12c4d7f2dc96) Importer(815301076,1909f56bfc062723c751e8b465ee728b)  -> (artifact id: '9373f2933fd6d1a7f26679168c1c2d42') in 0.005449 seconds 
========================================================================
Received Import Request.
  Time since last request: 0.003462 seconds.
  path: Assets/Prefabs/Prefabs/Fences/6/Fence_3.prefab
  artifactKey: Guid(4e84b50e3d50fed4ebf8f73e3164baa5) Importer(815301076,1909f56bfc062723c751e8b465ee728b)
Start importing Assets/Prefabs/Prefabs/Fences/6/Fence_3.prefab using Guid(4e84b50e3d50fed4ebf8f73e3164baa5) Importer(815301076,1909f56bfc062723c751e8b465ee728b)  -> (artifact id: 'c03f89772fd8015d6d5fa254f7338e4b') in 0.013042 seconds 
========================================================================
Received Import Request.
  Time since last request: 0.033553 seconds.
  path: Assets/Models/Weapons/flamethrowerHandle.mtl
  artifactKey: Guid(15c589661d26cce4cb1ffc1c337b47ac) Importer(815301076,1909f56bfc062723c751e8b465ee728b)
Start importing Assets/Models/Weapons/flamethrowerHandle.mtl using Guid(15c589661d26cce4cb1ffc1c337b47ac) Importer(815301076,1909f56bfc062723c751e8b465ee728b)  -> (artifact id: 'f76d6630ae8dd77f80887f3cefc8b4f8') in 0.006305 seconds 
========================================================================
Received Import Request.
  Time since last request: 0.038219 seconds.
  path: Assets/Prefabs/Prefabs/Stones/Little Stones/Little Stone_1.prefab
  artifactKey: Guid(21405a586a9a2eb48a0ac87136a543fe) Importer(815301076,1909f56bfc062723c751e8b465ee728b)
Start importing Assets/Prefabs/Prefabs/Stones/Little Stones/Little Stone_1.prefab using Guid(21405a586a9a2eb48a0ac87136a543fe) Importer(815301076,1909f56bfc062723c751e8b465ee728b)  -> (artifact id: '4b5a580dd11c9df1726df3c90d9deb87') in 0.014252 seconds 
========================================================================
Received Import Request.
  Time since last request: 0.004708 seconds.
  path: Assets/Prefabs/Prefabs/Fences/4
  artifactKey: Guid(6491c5765ec4b974aba07f8c1bd70676) Importer(815301076,1909f56bfc062723c751e8b465ee728b)
Start importing Assets/Prefabs/Prefabs/Fences/4 using Guid(6491c5765ec4b974aba07f8c1bd70676) Importer(815301076,1909f56bfc062723c751e8b465ee728b)  -> (artifact id: '69495f7ff60e05772158637e259d68ee') in 0.005624 seconds 
========================================================================
Received Import Request.
  Time since last request: 0.250454 seconds.
  path: Assets/Prefabs/Prefabs/Trees/Tree_34.prefab
  artifactKey: Guid(ebdc43a1651b3c14fb50f61b67f8daed) Importer(815301076,1909f56bfc062723c751e8b465ee728b)
Start importing Assets/Prefabs/Prefabs/Trees/Tree_34.prefab using Guid(ebdc43a1651b3c14fb50f61b67f8daed) Importer(815301076,1909f56bfc062723c751e8b465ee728b)  -> (artifact id: 'f5acdde6778ca13c8c04b1dd1cf9fd60') in 0.013157 seconds 
========================================================================
Received Import Request.
  Time since last request: 0.004161 seconds.
  path: Assets/Models/Weapons/grenade_vintage.obj
  artifactKey: Guid(d2b5d7c14436f1442ac16d0dfd0c8759) Importer(815301076,1909f56bfc062723c751e8b465ee728b)
Start importing Assets/Models/Weapons/grenade_vintage.obj using Guid(d2b5d7c14436f1442ac16d0dfd0c8759) Importer(815301076,1909f56bfc062723c751e8b465ee728b)  -> (artifact id: '9ee9c4f6a25e736cadc11c998cb1b6e4') in 0.024223 seconds 
========================================================================
Received Import Request.
  Time since last request: 0.014356 seconds.
  path: Assets/Models/Weapons/uziSilencer.mtl
  artifactKey: Guid(2b76a16064e1c47489cf2ee583df0ed4) Importer(815301076,1909f56bfc062723c751e8b465ee728b)
Start importing Assets/Models/Weapons/uziSilencer.mtl using Guid(2b76a16064e1c47489cf2ee583df0ed4) Importer(815301076,1909f56bfc062723c751e8b465ee728b)  -> (artifact id: '3f42409f5b2a25a16d2df6456f44260a') in 0.006541 seconds 
========================================================================
Received Import Request.
  Time since last request: 0.118754 seconds.
  path: Assets/Prefabs/Prefabs/Fences/3/Fence_1.prefab
  artifactKey: Guid(0b48a07c31109614d9963fe2eb56c959) Importer(815301076,1909f56bfc062723c751e8b465ee728b)
Start importing Assets/Prefabs/Prefabs/Fences/3/Fence_1.prefab using Guid(0b48a07c31109614d9963fe2eb56c959) Importer(815301076,1909f56bfc062723c751e8b465ee728b)  -> (artifact id: '1dd2d00a674367375e381e265f98f56f') in 0.012271 seconds 
========================================================================
Received Import Request.
  Time since last request: 0.063743 seconds.
  path: Assets/Models/Weapons/knife_smooth.mtl
  artifactKey: Guid(4719b135e62fcb845874c8a51be4dcc7) Importer(815301076,1909f56bfc062723c751e8b465ee728b)
Start importing Assets/Models/Weapons/knife_smooth.mtl using Guid(4719b135e62fcb845874c8a51be4dcc7) Importer(815301076,1909f56bfc062723c751e8b465ee728b)  -> (artifact id: '397804a87410836f6d88c07fb3cc6cb9') in 0.006022 seconds 
========================================================================
Received Import Request.
  Time since last request: 0.016730 seconds.
  path: Assets/Prefabs/Prefabs/Stones/Big Stones/Big stone_4.prefab
  artifactKey: Guid(21166f7b1dcc13b4ba7e0f0c79c705eb) Importer(815301076,1909f56bfc062723c751e8b465ee728b)
Start importing Assets/Prefabs/Prefabs/Stones/Big Stones/Big stone_4.prefab using Guid(21166f7b1dcc13b4ba7e0f0c79c705eb) Importer(815301076,1909f56bfc062723c751e8b465ee728b)  -> (artifact id: '997edd75e9534f70d25672d4fa2a1196') in 0.013680 seconds 
========================================================================
Received Import Request.
  Time since last request: 0.004505 seconds.
  path: Assets/Models/Weapons/shotgunShort.obj
  artifactKey: Guid(bc5d76f3ac4971e4b8bddf1909dbe3eb) Importer(815301076,1909f56bfc062723c751e8b465ee728b)
Start importing Assets/Models/Weapons/shotgunShort.obj using Guid(bc5d76f3ac4971e4b8bddf1909dbe3eb) Importer(815301076,1909f56bfc062723c751e8b465ee728b)  -> (artifact id: 'eebf86b331f9f315396ad68989b5c822') in 0.034202 seconds 
========================================================================
Received Import Request.
  Time since last request: 0.009768 seconds.
  path: Assets/Models/Weapons/ammo_rocket.mtl
  artifactKey: Guid(7d24f44a32a833f45a35d129788768cc) Importer(815301076,1909f56bfc062723c751e8b465ee728b)
Start importing Assets/Models/Weapons/ammo_rocket.mtl using Guid(7d24f44a32a833f45a35d129788768cc) Importer(815301076,1909f56bfc062723c751e8b465ee728b)  -> (artifact id: '9ccd88f7de0efdd415450f1da55204fc') in 0.005398 seconds 
========================================================================
Received Import Request.
  Time since last request: 0.007021 seconds.
  path: Assets/Prefabs/Prefabs/Stones/Little Stones/Little Stone.prefab
  artifactKey: Guid(b71823bb2249a144cad0fd1d48d4ab5f) Importer(815301076,1909f56bfc062723c751e8b465ee728b)
Start importing Assets/Prefabs/Prefabs/Stones/Little Stones/Little Stone.prefab using Guid(b71823bb2249a144cad0fd1d48d4ab5f) Importer(815301076,1909f56bfc062723c751e8b465ee728b)  -> (artifact id: '02a21d2340ec3a481545206e635df6df') in 0.013935 seconds 
========================================================================
Received Import Request.
  Time since last request: 0.051447 seconds.
  path: Assets/Models/Weapons/uziGold.mtl
  artifactKey: Guid(c1d8cb2fa43d4c445bde17736bbb6ea4) Importer(815301076,1909f56bfc062723c751e8b465ee728b)
Start importing Assets/Models/Weapons/uziGold.mtl using Guid(c1d8cb2fa43d4c445bde17736bbb6ea4) Importer(815301076,1909f56bfc062723c751e8b465ee728b)  -> (artifact id: '978fdada355aff423d9b18452de25317') in 0.005666 seconds 
========================================================================
Received Import Request.
  Time since last request: 0.003319 seconds.
  path: Assets/Prefabs/Prefabs/Stones/Little Stones/Little Stone_8.prefab
  artifactKey: Guid(b778ba81530777d408f8ef18c490a7ed) Importer(815301076,1909f56bfc062723c751e8b465ee728b)
Start importing Assets/Prefabs/Prefabs/Stones/Little Stones/Little Stone_8.prefab using Guid(b778ba81530777d408f8ef18c490a7ed) Importer(815301076,1909f56bfc062723c751e8b465ee728b)  -> (artifact id: '2494d8402298d788af966cfa0f453355') in 0.013105 seconds 
========================================================================
Received Import Request.
  Time since last request: 0.024924 seconds.
  path: Assets/Prefabs/Prefabs/Fences/5
  artifactKey: Guid(eb46103de04061844989eac29038f807) Importer(815301076,1909f56bfc062723c751e8b465ee728b)
Start importing Assets/Prefabs/Prefabs/Fences/5 using Guid(eb46103de04061844989eac29038f807) Importer(815301076,1909f56bfc062723c751e8b465ee728b)  -> (artifact id: 'dd9a24085b35355d3e10c8d043e2d93b') in 0.005273 seconds 
========================================================================
Received Import Request.
  Time since last request: 0.027331 seconds.
  path: Assets/Models/Weapons/knifeRound_smooth.mtl
  artifactKey: Guid(9bf5f260e3155d74da268db40bfabf72) Importer(815301076,1909f56bfc062723c751e8b465ee728b)
Start importing Assets/Models/Weapons/knifeRound_smooth.mtl using Guid(9bf5f260e3155d74da268db40bfabf72) Importer(815301076,1909f56bfc062723c751e8b465ee728b)  -> (artifact id: 'f66fc4133a3ea6b3af52c243f4a8fd9e') in 0.006881 seconds 
========================================================================
Received Import Request.
  Time since last request: 0.021114 seconds.
  path: Assets/Models/Weapons/machinegunLauncher.mtl
  artifactKey: Guid(77f14578822cf194bb7e6a84a60b1f14) Importer(815301076,1909f56bfc062723c751e8b465ee728b)
Start importing Assets/Models/Weapons/machinegunLauncher.mtl using Guid(77f14578822cf194bb7e6a84a60b1f14) Importer(815301076,1909f56bfc062723c751e8b465ee728b)  -> (artifact id: '129ee9b59941f911b6fa10fa95af3e37') in 0.005777 seconds 
========================================================================
Received Import Request.
  Time since last request: 0.023759 seconds.
  path: Assets/Models/Weapons/knifeRound_sharp.mtl
  artifactKey: Guid(636e2adac2872bd4f8c0b54e47fc3052) Importer(815301076,1909f56bfc062723c751e8b465ee728b)
Start importing Assets/Models/Weapons/knifeRound_sharp.mtl using Guid(636e2adac2872bd4f8c0b54e47fc3052) Importer(815301076,1909f56bfc062723c751e8b465ee728b)  -> (artifact id: 'd63bdc18bd0353f4d8646b550e61705a') in 0.005492 seconds 
========================================================================
Received Import Request.
  Time since last request: 0.010343 seconds.
  path: Assets/Prefabs/Prefabs/Fences/2/Fence_1.prefab
  artifactKey: Guid(b5cca5778649b0646b6d85d6be69713c) Importer(815301076,1909f56bfc062723c751e8b465ee728b)
Start importing Assets/Prefabs/Prefabs/Fences/2/Fence_1.prefab using Guid(b5cca5778649b0646b6d85d6be69713c) Importer(815301076,1909f56bfc062723c751e8b465ee728b)  -> (artifact id: '9cbbdb494f7f60f0d73015ceb3c2d1f2') in 0.012570 seconds 
========================================================================
Received Import Request.
  Time since last request: 0.005346 seconds.
  path: Assets/Models/Weapons/knife_smooth.obj
  artifactKey: Guid(468cb6214fd94044fb487c620fa451e5) Importer(815301076,1909f56bfc062723c751e8b465ee728b)
Start importing Assets/Models/Weapons/knife_smooth.obj using Guid(468cb6214fd94044fb487c620fa451e5) Importer(815301076,1909f56bfc062723c751e8b465ee728b)  -> (artifact id: 'f0af22cba982f3c8669f6ae02c212cd5') in 0.022704 seconds 
========================================================================
Received Import Request.
  Time since last request: 0.001187 seconds.
  path: Assets/Prefabs/Prefabs/Fences/3
  artifactKey: Guid(8accff91704f4d148b68d6e367ee6ecc) Importer(815301076,1909f56bfc062723c751e8b465ee728b)
Start importing Assets/Prefabs/Prefabs/Fences/3 using Guid(8accff91704f4d148b68d6e367ee6ecc) Importer(815301076,1909f56bfc062723c751e8b465ee728b)  -> (artifact id: '6109fefdc6df4b26eaa0a04d09607fc8') in 0.005399 seconds 
========================================================================
Received Import Request.
  Time since last request: 0.104931 seconds.
  path: Assets/Prefabs/Prefabs/Stones/Little Stones/Little Stone_0.prefab
  artifactKey: Guid(4a30ba79df7f1754e8b69e78fd648cf8) Importer(815301076,1909f56bfc062723c751e8b465ee728b)
Start importing Assets/Prefabs/Prefabs/Stones/Little Stones/Little Stone_0.prefab using Guid(4a30ba79df7f1754e8b69e78fd648cf8) Importer(815301076,1909f56bfc062723c751e8b465ee728b)  -> (artifact id: '734a30c87614cf28d257cd48f5807740') in 0.013548 seconds 
========================================================================
Received Import Request.
  Time since last request: 0.015956 seconds.
  path: Assets/Prefabs/Prefabs/Stones/Little Stones/Little Stone_12.prefab
  artifactKey: Guid(8eece6cf49c1793499a331b35d1a7c2b) Importer(815301076,1909f56bfc062723c751e8b465ee728b)
Start importing Assets/Prefabs/Prefabs/Stones/Little Stones/Little Stone_12.prefab using Guid(8eece6cf49c1793499a331b35d1a7c2b) Importer(815301076,1909f56bfc062723c751e8b465ee728b)  -> (artifact id: '394d09a95c16cc697e23345417554945') in 0.013913 seconds 
========================================================================
Received Import Request.
  Time since last request: 0.019815 seconds.
  path: Assets/Prefabs/Prefabs/Trees/Tree_31.prefab
  artifactKey: Guid(85a12af49221efe4cb985b3f96a788cb) Importer(815301076,1909f56bfc062723c751e8b465ee728b)
Start importing Assets/Prefabs/Prefabs/Trees/Tree_31.prefab using Guid(85a12af49221efe4cb985b3f96a788cb) Importer(815301076,1909f56bfc062723c751e8b465ee728b)  -> (artifact id: 'a8bd991449b2ac10cf526ffc8be9b93e') in 0.014176 seconds 
========================================================================
Received Import Request.
  Time since last request: 0.064013 seconds.
  path: Assets/Models/Weapons/grenadeSmoke.mtl
  artifactKey: Guid(88475a48935b9864a8ce08d8f6a7f46d) Importer(815301076,1909f56bfc062723c751e8b465ee728b)
Start importing Assets/Models/Weapons/grenadeSmoke.mtl using Guid(88475a48935b9864a8ce08d8f6a7f46d) Importer(815301076,1909f56bfc062723c751e8b465ee728b)  -> (artifact id: 'b3b930540ad35e91f658f4ef1543bad0') in 0.005755 seconds 
========================================================================
Received Import Request.
  Time since last request: 0.107091 seconds.
  path: Assets/Models/Weapons/rocketlauncherModern.mtl
  artifactKey: Guid(b216e86c151d195438add2354ed19fe2) Importer(815301076,1909f56bfc062723c751e8b465ee728b)
Start importing Assets/Models/Weapons/rocketlauncherModern.mtl using Guid(b216e86c151d195438add2354ed19fe2) Importer(815301076,1909f56bfc062723c751e8b465ee728b)  -> (artifact id: '2eee929609106e8e8a8863eafb09cef6') in 0.006741 seconds 
========================================================================
Received Import Request.
  Time since last request: 0.017459 seconds.
  path: Assets/Prefabs/Prefabs/Fences/6/Fence_0.prefab
  artifactKey: Guid(1b6c0646be8a0ba4e8df2bd6f109eae8) Importer(815301076,1909f56bfc062723c751e8b465ee728b)
Start importing Assets/Prefabs/Prefabs/Fences/6/Fence_0.prefab using Guid(1b6c0646be8a0ba4e8df2bd6f109eae8) Importer(815301076,1909f56bfc062723c751e8b465ee728b)  -> (artifact id: '09234e40931da2fa0d5112d2359e7a09') in 0.013672 seconds 
========================================================================
Received Import Request.
  Time since last request: 0.045613 seconds.
  path: Assets/Models/Weapons/ammo_rocketModern.mtl
  artifactKey: Guid(cd387d43f82f26a4b83898587f566a3c) Importer(815301076,1909f56bfc062723c751e8b465ee728b)
Start importing Assets/Models/Weapons/ammo_rocketModern.mtl using Guid(cd387d43f82f26a4b83898587f566a3c) Importer(815301076,1909f56bfc062723c751e8b465ee728b)  -> (artifact id: '7b5b6ebae7cad29dc27e9c8bd0cef7cb') in 0.006061 seconds 
========================================================================
Received Import Request.
  Time since last request: 0.119260 seconds.
  path: Assets/Prefabs/Prefabs/Fences/1/Fence_3.prefab
  artifactKey: Guid(0c542100d8feb914ba4e5b8ab13ca201) Importer(815301076,1909f56bfc062723c751e8b465ee728b)
Start importing Assets/Prefabs/Prefabs/Fences/1/Fence_3.prefab using Guid(0c542100d8feb914ba4e5b8ab13ca201) Importer(815301076,1909f56bfc062723c751e8b465ee728b)  -> (artifact id: 'a769c35a0cf0161c51a4912700978bef') in 0.014088 seconds 
========================================================================
Received Import Request.
  Time since last request: 0.038078 seconds.
  path: Assets/Prefabs/Prefabs/Fences/6
  artifactKey: Guid(a7aec10f59f9a4c4896a0ebbbef3b83b) Importer(815301076,1909f56bfc062723c751e8b465ee728b)
Start importing Assets/Prefabs/Prefabs/Fences/6 using Guid(a7aec10f59f9a4c4896a0ebbbef3b83b) Importer(815301076,1909f56bfc062723c751e8b465ee728b)  -> (artifact id: 'c874f589bcd3913ded74696632f3db0d') in 0.005739 seconds 
========================================================================
Received Import Request.
  Time since last request: 0.176562 seconds.
  path: Assets/Models/Weapons/sniperCamo.mtl
  artifactKey: Guid(d8f113b8aed3bd14b964b7b627677401) Importer(815301076,1909f56bfc062723c751e8b465ee728b)
Start importing Assets/Models/Weapons/sniperCamo.mtl using Guid(d8f113b8aed3bd14b964b7b627677401) Importer(815301076,1909f56bfc062723c751e8b465ee728b)  -> (artifact id: '40fa0eb4046702d856981088ad8ec2b4') in 0.005947 seconds 
========================================================================
Received Import Request.
  Time since last request: 0.015926 seconds.
  path: Assets/Prefabs/Prefabs/Fences/1
  artifactKey: Guid(a840024c25460b44c98be5d5c48a5230) Importer(815301076,1909f56bfc062723c751e8b465ee728b)
Start importing Assets/Prefabs/Prefabs/Fences/1 using Guid(a840024c25460b44c98be5d5c48a5230) Importer(815301076,1909f56bfc062723c751e8b465ee728b)  -> (artifact id: '11e90971e023acb6b55fe0cc85264ffc') in 0.006384 seconds 
========================================================================
Received Import Request.
  Time since last request: 0.041782 seconds.
  path: Assets/Prefabs/Prefabs/Fences/3/Fence.prefab
  artifactKey: Guid(91b6254eb9adcfa4eaa64a308f18a28e) Importer(815301076,1909f56bfc062723c751e8b465ee728b)
Start importing Assets/Prefabs/Prefabs/Fences/3/Fence.prefab using Guid(91b6254eb9adcfa4eaa64a308f18a28e) Importer(815301076,1909f56bfc062723c751e8b465ee728b)  -> (artifact id: 'de5a358e90349586121f91e988690d3f') in 0.016294 seconds 
========================================================================
Received Import Request.
  Time since last request: 0.024363 seconds.
  path: Assets/Models/Weapons/ammo_uzi.mtl
  artifactKey: Guid(57d4a1c0679b92945b4aab6346147258) Importer(815301076,1909f56bfc062723c751e8b465ee728b)
Start importing Assets/Models/Weapons/ammo_uzi.mtl using Guid(57d4a1c0679b92945b4aab6346147258) Importer(815301076,1909f56bfc062723c751e8b465ee728b)  -> (artifact id: '1c718e58963ed1bff05a172d3b112198') in 0.006387 seconds 
========================================================================
Received Import Request.
  Time since last request: 0.019682 seconds.
  path: Assets/Models/Weapons/rocketlauncherSide.mtl
  artifactKey: Guid(5fb6ccf065edc644ea58c1a169e37710) Importer(815301076,1909f56bfc062723c751e8b465ee728b)
Start importing Assets/Models/Weapons/rocketlauncherSide.mtl using Guid(5fb6ccf065edc644ea58c1a169e37710) Importer(815301076,1909f56bfc062723c751e8b465ee728b)  -> (artifact id: 'e5c10f4124c4ed38cba5351bafc1b485') in 0.011875 seconds 
========================================================================
Received Import Request.
  Time since last request: 0.024824 seconds.
  path: Assets/Models/Weapons/knife_sharp.obj
  artifactKey: Guid(af8eb157f3b77c049a9e09dc40349dd4) Importer(815301076,1909f56bfc062723c751e8b465ee728b)
Start importing Assets/Models/Weapons/knife_sharp.obj using Guid(af8eb157f3b77c049a9e09dc40349dd4) Importer(815301076,1909f56bfc062723c751e8b465ee728b)  -> (artifact id: 'beec0a36d0fb4648b79b27261a882f58') in 0.025100 seconds 
========================================================================
Received Import Request.
  Time since last request: 0.054593 seconds.
  path: Assets/Prefabs/Prefabs/Fences/4/Fence_0.prefab
  artifactKey: Guid(235717fc8d388ac4d943e4cc4e657c93) Importer(815301076,1909f56bfc062723c751e8b465ee728b)
Start importing Assets/Prefabs/Prefabs/Fences/4/Fence_0.prefab using Guid(235717fc8d388ac4d943e4cc4e657c93) Importer(815301076,1909f56bfc062723c751e8b465ee728b)  -> (artifact id: 'c9def8cdf98ffb84da4ab19be54c67c0') in 0.015051 seconds 
========================================================================
Received Import Request.
  Time since last request: 0.007182 seconds.
  path: Assets/Models/Weapons/knife_sharp.mtl
  artifactKey: Guid(5223f63439882414c9f996ad130d1803) Importer(815301076,1909f56bfc062723c751e8b465ee728b)
Start importing Assets/Models/Weapons/knife_sharp.mtl using Guid(5223f63439882414c9f996ad130d1803) Importer(815301076,1909f56bfc062723c751e8b465ee728b)  -> (artifact id: '066c2725b1f37b478b9075961f9a126f') in 0.002811 seconds 
========================================================================
Received Import Request.
  Time since last request: 0.056911 seconds.
  path: Assets/Models/Weapons/rocketlauncherModernRotating.mtl
  artifactKey: Guid(3a7575e9e80fbd94d841349ae681cdc6) Importer(815301076,1909f56bfc062723c751e8b465ee728b)
Start importing Assets/Models/Weapons/rocketlauncherModernRotating.mtl using Guid(3a7575e9e80fbd94d841349ae681cdc6) Importer(815301076,1909f56bfc062723c751e8b465ee728b)  -> (artifact id: '1978f8003777a41cd8788ab930e613a9') in 0.005757 seconds 
========================================================================
Received Prepare
Registering precompiled user dll's ...
Registered in 0.006432 seconds.
Begin MonoManager ReloadAssembly
Symbol file LoadedFromMemory doesn't match image C:\Users\luisz\OneDrive\Escritorio\FinalProject\GameProject\Library\PackageCache\com.unity.visualscripting@1.7.8\Editor\VisualScripting.Core\Dependencies\YamlDotNet\Unity.VisualScripting.YamlDotNet.dll
Symbol file LoadedFromMemory doesn't match image C:\Users\luisz\OneDrive\Escritorio\FinalProject\GameProject\Library\PackageCache\com.unity.visualscripting@1.7.8\Editor\VisualScripting.Core\Dependencies\DotNetZip\Unity.VisualScripting.IonicZip.dll
Native extension for WindowsStandalone target not found
Refreshing native plugins compatible for Editor in 1.06 ms, found 3 plugins.
Preloading 0 native plugins for Editor in 0.00 ms.
Mono: successfully reloaded assembly
- Completed reload, in  1.249 seconds
Domain Reload Profiling:
	ReloadAssembly (1249ms)
		BeginReloadAssembly (149ms)
			ExecutionOrderSort (0ms)
			DisableScriptedObjects (4ms)
			BackupInstance (0ms)
			ReleaseScriptingObjects (0ms)
			CreateAndSetChildDomain (45ms)
		EndReloadAssembly (983ms)
			LoadAssemblies (89ms)
			RebuildTransferFunctionScriptingTraits (0ms)
			SetupTypeCache (324ms)
			ReleaseScriptCaches (2ms)
			RebuildScriptCaches (57ms)
			SetupLoadedEditorAssemblies (442ms)
				LogAssemblyErrors (0ms)
				InitializePlatformSupportModulesInManaged (17ms)
				SetLoadedEditorAssemblies (1ms)
				RefreshPlugins (1ms)
				BeforeProcessingInitializeOnLoad (92ms)
				ProcessInitializeOnLoadAttributes (284ms)
				ProcessInitializeOnLoadMethodAttributes (39ms)
				AfterProcessingInitializeOnLoad (8ms)
				EditorAssembliesLoaded (0ms)
			ExecutionOrderSort2 (0ms)
			AwakeInstancesAfterBackupRestoration (8ms)
Platform modules already initialized, skipping
Refreshing native plugins compatible for Editor in 5.46 ms, found 3 plugins.
Preloading 0 native plugins for Editor in 0.00 ms.
Unloading 3385 Unused Serialized files (Serialized files now loaded: 0)
Unloading 20 unused Assets / (79.4 KB). Loaded Objects now: 3914.
Memory consumption went from 135.9 MB to 135.8 MB.
Total: 5.682900 ms (FindLiveObjects: 0.494100 ms CreateObjectMapping: 0.112500 ms MarkObjects: 4.896400 ms  DeleteObjects: 0.178600 ms)

AssetImportParameters requested are different than current active one (requested -> active):
  custom:video-decoder-ogg-theora: a1e56fd34408186e4bbccfd4996cb3dc -> 
  custom:container-muxer-webm: aa71ff27fc2769a1b78a27578f13a17b -> 
  custom:container-demuxer-webm: 4f35f7cbe854078d1ac9338744f61a02 -> 
  custom:video-encoder-webm-vp8: eb34c28f22e8b96e1ab97ce403110664 -> 
  custom:audio-encoder-webm-vorbis: bf7c407c2cedff20999df2af8eb42d56 -> 
  custom:framework-win-MediaFoundation: 216162199b28c13a410421893ffa2e32 -> 
  custom:container-demuxer-ogg: 62fdf1f143b41e24485cea50d1cbac27 -> 
  custom:video-decoder-webm-vp8: 9c59270c3fd7afecdb556c50c9e8de78 -> 
  custom:audio-decoder-ogg-vorbis: bf7c407c2cedff20999df2af8eb42d56 -> 
========================================================================
Received Prepare
Registering precompiled user dll's ...
Registered in 0.005875 seconds.
Begin MonoManager ReloadAssembly
Symbol file LoadedFromMemory doesn't match image C:\Users\luisz\OneDrive\Escritorio\FinalProject\GameProject\Library\PackageCache\com.unity.visualscripting@1.7.8\Editor\VisualScripting.Core\Dependencies\YamlDotNet\Unity.VisualScripting.YamlDotNet.dll
Symbol file LoadedFromMemory doesn't match image C:\Users\luisz\OneDrive\Escritorio\FinalProject\GameProject\Library\PackageCache\com.unity.visualscripting@1.7.8\Editor\VisualScripting.Core\Dependencies\DotNetZip\Unity.VisualScripting.IonicZip.dll
Native extension for WindowsStandalone target not found
Refreshing native plugins compatible for Editor in 0.79 ms, found 3 plugins.
Preloading 0 native plugins for Editor in 0.00 ms.
Mono: successfully reloaded assembly
- Completed reload, in  1.199 seconds
Domain Reload Profiling:
	ReloadAssembly (1199ms)
		BeginReloadAssembly (149ms)
			ExecutionOrderSort (0ms)
			DisableScriptedObjects (6ms)
			BackupInstance (0ms)
			ReleaseScriptingObjects (0ms)
			CreateAndSetChildDomain (43ms)
		EndReloadAssembly (944ms)
			LoadAssemblies (92ms)
			RebuildTransferFunctionScriptingTraits (0ms)
			SetupTypeCache (302ms)
			ReleaseScriptCaches (2ms)
			RebuildScriptCaches (48ms)
			SetupLoadedEditorAssemblies (451ms)
				LogAssemblyErrors (0ms)
				InitializePlatformSupportModulesInManaged (14ms)
				SetLoadedEditorAssemblies (1ms)
				RefreshPlugins (1ms)
				BeforeProcessingInitializeOnLoad (89ms)
				ProcessInitializeOnLoadAttributes (300ms)
				ProcessInitializeOnLoadMethodAttributes (38ms)
				AfterProcessingInitializeOnLoad (8ms)
				EditorAssembliesLoaded (0ms)
			ExecutionOrderSort2 (0ms)
			AwakeInstancesAfterBackupRestoration (8ms)
Platform modules already initialized, skipping
Refreshing native plugins compatible for Editor in 3.89 ms, found 3 plugins.
Preloading 0 native plugins for Editor in 0.00 ms.
Unloading 3385 Unused Serialized files (Serialized files now loaded: 0)
Unloading 20 unused Assets / (79.3 KB). Loaded Objects now: 3917.
Memory consumption went from 135.9 MB to 135.8 MB.
Total: 5.119800 ms (FindLiveObjects: 0.586600 ms CreateObjectMapping: 0.116000 ms MarkObjects: 4.221200 ms  DeleteObjects: 0.194600 ms)

AssetImportParameters requested are different than current active one (requested -> active):
  custom:video-decoder-ogg-theora: a1e56fd34408186e4bbccfd4996cb3dc -> 
  custom:container-muxer-webm: aa71ff27fc2769a1b78a27578f13a17b -> 
  custom:container-demuxer-webm: 4f35f7cbe854078d1ac9338744f61a02 -> 
  custom:video-encoder-webm-vp8: eb34c28f22e8b96e1ab97ce403110664 -> 
  custom:audio-encoder-webm-vorbis: bf7c407c2cedff20999df2af8eb42d56 -> 
  custom:framework-win-MediaFoundation: 216162199b28c13a410421893ffa2e32 -> 
  custom:container-demuxer-ogg: 62fdf1f143b41e24485cea50d1cbac27 -> 
  custom:video-decoder-webm-vp8: 9c59270c3fd7afecdb556c50c9e8de78 -> 
  custom:audio-decoder-ogg-vorbis: bf7c407c2cedff20999df2af8eb42d56 -> 
========================================================================
Received Prepare
Registering precompiled user dll's ...
Registered in 0.005941 seconds.
Begin MonoManager ReloadAssembly
Symbol file LoadedFromMemory doesn't match image C:\Users\luisz\OneDrive\Escritorio\FinalProject\GameProject\Library\PackageCache\com.unity.visualscripting@1.7.8\Editor\VisualScripting.Core\Dependencies\YamlDotNet\Unity.VisualScripting.YamlDotNet.dll
Symbol file LoadedFromMemory doesn't match image C:\Users\luisz\OneDrive\Escritorio\FinalProject\GameProject\Library\PackageCache\com.unity.visualscripting@1.7.8\Editor\VisualScripting.Core\Dependencies\DotNetZip\Unity.VisualScripting.IonicZip.dll
Native extension for WindowsStandalone target not found
Refreshing native plugins compatible for Editor in 0.78 ms, found 3 plugins.
Preloading 0 native plugins for Editor in 0.00 ms.
Mono: successfully reloaded assembly
- Completed reload, in  1.185 seconds
Domain Reload Profiling:
	ReloadAssembly (1186ms)
		BeginReloadAssembly (156ms)
			ExecutionOrderSort (0ms)
			DisableScriptedObjects (6ms)
			BackupInstance (0ms)
			ReleaseScriptingObjects (0ms)
			CreateAndSetChildDomain (52ms)
		EndReloadAssembly (915ms)
			LoadAssemblies (86ms)
			RebuildTransferFunctionScriptingTraits (0ms)
			SetupTypeCache (298ms)
			ReleaseScriptCaches (1ms)
			RebuildScriptCaches (52ms)
			SetupLoadedEditorAssemblies (425ms)
				LogAssemblyErrors (0ms)
				InitializePlatformSupportModulesInManaged (14ms)
				SetLoadedEditorAssemblies (0ms)
				RefreshPlugins (1ms)
				BeforeProcessingInitializeOnLoad (82ms)
				ProcessInitializeOnLoadAttributes (280ms)
				ProcessInitializeOnLoadMethodAttributes (39ms)
				AfterProcessingInitializeOnLoad (8ms)
				EditorAssembliesLoaded (0ms)
			ExecutionOrderSort2 (0ms)
			AwakeInstancesAfterBackupRestoration (7ms)
Platform modules already initialized, skipping
Refreshing native plugins compatible for Editor in 4.24 ms, found 3 plugins.
Preloading 0 native plugins for Editor in 0.00 ms.
Unloading 3385 Unused Serialized files (Serialized files now loaded: 0)
Unloading 20 unused Assets / (79.3 KB). Loaded Objects now: 3920.
Memory consumption went from 135.9 MB to 135.8 MB.
Total: 6.520200 ms (FindLiveObjects: 0.708800 ms CreateObjectMapping: 0.233400 ms MarkObjects: 5.363300 ms  DeleteObjects: 0.213000 ms)

AssetImportParameters requested are different than current active one (requested -> active):
  custom:video-decoder-ogg-theora: a1e56fd34408186e4bbccfd4996cb3dc -> 
  custom:container-muxer-webm: aa71ff27fc2769a1b78a27578f13a17b -> 
  custom:container-demuxer-webm: 4f35f7cbe854078d1ac9338744f61a02 -> 
  custom:video-encoder-webm-vp8: eb34c28f22e8b96e1ab97ce403110664 -> 
  custom:audio-encoder-webm-vorbis: bf7c407c2cedff20999df2af8eb42d56 -> 
  custom:framework-win-MediaFoundation: 216162199b28c13a410421893ffa2e32 -> 
  custom:container-demuxer-ogg: 62fdf1f143b41e24485cea50d1cbac27 -> 
  custom:video-decoder-webm-vp8: 9c59270c3fd7afecdb556c50c9e8de78 -> 
  custom:audio-decoder-ogg-vorbis: bf7c407c2cedff20999df2af8eb42d56 -> 
